xrun(64): 18.09-s011: (c) Copyright 1995-2019 Cadence Design Systems, Inc.
TOOL:	xrun(64)	18.09-s011: Started on Nov 17, 2021 at 00:10:02 CST
xrun
	-64bit
	-gui
	-access r
	lib/sram.v
	test/sram_tb.v
Recompiling... reason: file './test/sram_tb.v' is newer than expected.
	expected: Wed Nov 10 13:29:17 2021
	actual:   Wed Nov 17 00:09:51 2021
file: lib/sram.v
        1'h2 : hex = 1;
           |
xmvlog: *W,INTOVF (lib/sram.v,44|11): bit overflow during conversion from text [2.5(IEEE)] (1 bits).
        1'h3 : hex = 1;
           |
xmvlog: *W,INTOVF (lib/sram.v,45|11): bit overflow during conversion from text [2.5(IEEE)] (1 bits).
        1'h4 : hex = 1;
           |
xmvlog: *W,INTOVF (lib/sram.v,46|11): bit overflow during conversion from text [2.5(IEEE)] (1 bits).
        1'h5 : hex = 1;
           |
xmvlog: *W,INTOVF (lib/sram.v,47|11): bit overflow during conversion from text [2.5(IEEE)] (1 bits).
        1'h6 : hex = 1;
           |
xmvlog: *W,INTOVF (lib/sram.v,48|11): bit overflow during conversion from text [2.5(IEEE)] (1 bits).
        1'h7 : hex = 1;
           |
xmvlog: *W,INTOVF (lib/sram.v,49|11): bit overflow during conversion from text [2.5(IEEE)] (1 bits).
        1'h8 : hex = 1;
           |
xmvlog: *W,INTOVF (lib/sram.v,50|11): bit overflow during conversion from text [2.5(IEEE)] (1 bits).
        1'h9 : hex = 1;
           |
xmvlog: *W,INTOVF (lib/sram.v,51|11): bit overflow during conversion from text [2.5(IEEE)] (1 bits).
        1'ha : hex = 1;
           |
xmvlog: *W,INTOVF (lib/sram.v,52|11): bit overflow during conversion from text [2.5(IEEE)] (1 bits).
        1'hb : hex = 1;
           |
xmvlog: *W,INTOVF (lib/sram.v,53|11): bit overflow during conversion from text [2.5(IEEE)] (1 bits).
        1'hc : hex = 1;
           |
xmvlog: *W,INTOVF (lib/sram.v,54|11): bit overflow during conversion from text [2.5(IEEE)] (1 bits).
        1'hd : hex = 1;
           |
xmvlog: *W,INTOVF (lib/sram.v,55|11): bit overflow during conversion from text [2.5(IEEE)] (1 bits).
        1'he : hex = 1;
           |
xmvlog: *W,INTOVF (lib/sram.v,56|11): bit overflow during conversion from text [2.5(IEEE)] (1 bits).
        1'hf : hex = 1;
           |
xmvlog: *W,INTOVF (lib/sram.v,57|11): bit overflow during conversion from text [2.5(IEEE)] (1 bits).
        1'hA : hex = 1;
           |
xmvlog: *W,INTOVF (lib/sram.v,58|11): bit overflow during conversion from text [2.5(IEEE)] (1 bits).
        1'hB : hex = 1;
           |
xmvlog: *W,INTOVF (lib/sram.v,59|11): bit overflow during conversion from text [2.5(IEEE)] (1 bits).
        1'hC : hex = 1;
           |
xmvlog: *W,INTOVF (lib/sram.v,60|11): bit overflow during conversion from text [2.5(IEEE)] (1 bits).
        1'hD : hex = 1;
           |
xmvlog: *W,INTOVF (lib/sram.v,61|11): bit overflow during conversion from text [2.5(IEEE)] (1 bits).
        1'hE : hex = 1;
           |
xmvlog: *W,INTOVF (lib/sram.v,62|11): bit overflow during conversion from text [2.5(IEEE)] (1 bits).
        1'hF : hex = 1;
           |
xmvlog: *W,INTOVF (lib/sram.v,63|11): bit overflow during conversion from text [2.5(IEEE)] (1 bits).
        initiate();
                 |
xmvlog: *W,TMTPAR (lib/sram.v,171|17): A task enable with no arguments must not include an empty set of parentheses [10.2.2 (IEEE Std 1364-2005)].  The compiler has ignored the parentheses.  Use 'xmhelp xmvlog TMTPAR'  for further information.
        checkRAM();
                 |
xmvlog: *W,TMTPAR (lib/sram.v,176|17): A task enable with no arguments must not include an empty set of parentheses [10.2.2 (IEEE Std 1364-2005)].  The compiler has ignored the parentheses.  Use 'xmhelp xmvlog TMTPAR'  for further information.
file: test/sram_tb.v
	module worklib.sram_tb:v
		errors: 0, warnings: 0
		Caching library 'worklib' ....... Done
	Elaborating the design hierarchy:
	Top level design units:
		sram_tb
	Building instance overlay tables: .................... Done
	Generating native compiled code:
		worklib.sram_tb:v <0x37bd8c12>
			streams:   7, words:  9818
	Building instance specific data structures.
	Loading native compiled code:     .................... Done
	Design hierarchy summary:
		              Instances  Unique
		Modules:              2       2
		Registers:           28      28
		Scalar wires:         3       -
		Vectored wires:       3       -
		Always blocks:        1       1
		Initial blocks:       8       8
		Pseudo assignments:   5       5
	Writing initial simulation snapshot: worklib.sram_tb:v

-------------------------------------
Relinquished control to SimVision...
xcelium> 
xcelium> source /vol/cadence2018/XCELIUM1809/tools/xcelium/files/xmsimrc
xcelium> database -open waves -into waves.shm -default
Created default SHM database waves
xcelium> probe -create -shm sram_tb.t_addr sram_tb.t_cs sram_tb.t_din sram_tb.t_dout sram_tb.t_oe sram_tb.t_we
Created probe 1
xcelium> run
Now initializing sram
Addr is written: 00400020
Data is written: 20050001
Addr is written: 00400024
Data is written: 20060064
Addr is written: 00400028
Data is written: 20021000
Addr is written: 0040002c
Data is written: 00421400
Addr is written: 00400030
Data is written: 20470028
Addr is written: 00400034
Data is written: 8c430000
Addr is written: 00400038
Data is written: 00c3202a
Addr is written: 0040003c
Data is written: 10850002
Addr is written: 00400040
Data is written: 00c33022
Addr is written: 00400044
Data is written: ac400000
Addr is written: 00400048
Data is written: 20420004
Addr is written: 0040004c
Data is written: 1447fff9
Addr is written: 00400050
Data is written: ace60000
Addr is written: 10000000
Data is written: 0000000a
Addr is written: 10000004
Data is written: 00000009
Addr is written: 10000008
Data is written: 00000008
Addr is written: 1000000c
Data is written: 000002bc
Addr is written: 10000010
Data is written: 00000005
Addr is written: 10000014
Data is written: 00000006
Addr is written: 10000018
Data is written: 00000190
Addr is written: 1000001c
Data is written: 00000001
Addr is written: 10000020
Data is written: 00000002
Addr is written: 10000024
Data is written: 00000003
Addr is checking: 00400020
Data is checking: 20050001
Addr is checking: 00400024
Data is checking: 20060064
Addr is checking: 00400028
Data is checking: 20021000
Addr is checking: 0040002c
Data is checking: 00421400
Addr is checking: 00400030
Data is checking: 20470028
Addr is checking: 00400034
Data is checking: 8c430000
Addr is checking: 00400038
Data is checking: 00c3202a
Addr is checking: 0040003c
Data is checking: 10850002
Addr is checking: 00400040
Data is checking: 00c33022
Addr is checking: 00400044
Data is checking: ac400000
Addr is checking: 00400048
Data is checking: 20420004
Addr is checking: 0040004c
Data is checking: 1447fff9
Addr is checking: 00400050
Data is checking: ace60000
Addr is checking: 10000000
Data is checking: 0000000a
Addr is checking: 10000004
Data is checking: 00000009
Addr is checking: 10000008
Data is checking: 00000008
Addr is checking: 1000000c
Data is checking: 000002bc
Addr is checking: 10000010
Data is checking: 00000005
Addr is checking: 10000014
Data is checking: 00000006
Addr is checking: 10000018
Data is checking: 00000190
Addr is checking: 1000001c
Data is checking: 00000001
Addr is checking: 10000020
Data is checking: 00000002
Addr is checking: 10000024
Data is checking: 00000003
Addr is checking: xxxxxxxx
Data is checking: xxxxxxxx
Addr is checking: xxxxxxxx
Data is checking: xxxxxxxx
Addr is checking: xxxxxxxx
Data is checking: xxxxxxxx
Addr is checking: xxxxxxxx
Data is checking: xxxxxxxx
Addr is checking: xxxxxxxx
Data is checking: xxxxxxxx
Addr is checking: xxxxxxxx
Data is checking: xxxxxxxx
Addr is checking: xxxxxxxx
Data is checking: xxxxxxxx
Addr is checking: xxxxxxxx
Data is checking: xxxxxxxx
Addr is checking: xxxxxxxx
Data is checking: xxxxxxxx
Addr is checking: xxxxxxxx
Data is checking: xxxxxxxx
Addr is checking: xxxxxxxx
Data is checking: xxxxxxxx
Addr is checking: xxxxxxxx
Data is checking: xxxxxxxx
Addr is checking: xxxxxxxx
Data is checking: xxxxxxxx
Addr is checking: xxxxxxxx
Data is checking: xxxxxxxx
Addr is checking: xxxxxxxx
Data is checking: xxxxxxxx
Addr is checking: xxxxxxxx
Data is checking: xxxxxxxx
Addr is checking: xxxxxxxx
Data is checking: xxxxxxxx
Addr is checking: xxxxxxxx
Data is checking: xxxxxxxx
Addr is checking: xxxxxxxx
Data is checking: xxxxxxxx
Addr is checking: xxxxxxxx
Data is checking: xxxxxxxx
Addr is checking: xxxxxxxx
Data is checking: xxxxxxxx
Addr is checking: xxxxxxxx
Data is checking: xxxxxxxx
Addr is checking: xxxxxxxx
Data is checking: xxxxxxxx
Addr is checking: xxxxxxxx
Data is checking: xxxxxxxx
Addr is checking: xxxxxxxx
Data is checking: xxxxxxxx
Addr is checking: xxxxxxxx
Data is checking: xxxxxxxx
0xx         x         x         x
READ Addr FOUND!: 00400050
Writing to dout: 2900754432
110   419438442949672952900754432
011   4194364        142900754432
READ Addr FOUND!: 0040002c
Writing to dout:    4330496
110   41943484294967295   4330496
WRITE Addr FOUND!: 10000024
101 268435492         7   4330496
READ Addr FOUND!: 00400020
Writing to dout:  537198593
110   4194336         7 537198593
READ Addr FOUND!: 10000024
Writing to dout:          7
110 268435492         7         7
xmsim: *W,RNQUIE: Simulation is complete.
xcelium> ^C
xcelium> exit
TOOL:	xrun(64)	18.09-s011: Exiting on Nov 17, 2021 at 00:10:54 CST  (total: 00:00:52)
